<?xml version="1.0" encoding="UTF-8"?>
<!-- Generated by org.testng.reporters.JUnitReportReporter -->
<testsuite hostname="LAPTOP-GC75H9L1" failures="0" tests="1" name="amazontestpkg.Amazontest" time="50.122" errors="0" timestamp="2024-10-31T12:20:08 IST" skipped="0">
  <testcase classname="amazontestpkg.Amazontest" name="elementdisplay" time="50.122"/>
  <system-out/>
</testsuite> <!-- amazontestpkg.Amazontest -->
